<!DOCTYPE html>

<html>
  <head>
  <meta charset='utf-8'>
  <title>TestNG reports</title>

    <link type="text/css" href="testng-reports1.css" rel="stylesheet" id="ultra" />
    <link type="text/css" href="testng-reports.css" rel="stylesheet" id="retro" disabled="false"/>
    <script type="text/javascript" src="jquery.min.js"></script>
    <script type="text/javascript" src="testng-reports.js"></script>
    <script type="text/javascript" src="https://www.google.com/jsapi"></script>
    <script type='text/javascript'>
      google.load('visualization', '1', {packages:['table']});
      google.setOnLoadCallback(drawTable);
      var suiteTableInitFunctions = new Array();
      var suiteTableData = new Array();
    </script>
    <!--
      <script type="text/javascript" src="jquery-ui/js/jquery-ui-1.8.16.custom.min.js"></script>
     -->
  </head>

  <body>
    <div class="top-banner-root">
      <span class="top-banner-title-font">Test results</span>
      <button class="button" id="button">Switch Retro Theme</button> <!-- button -->
      <br/>
      <span class="top-banner-font-1">1 suite, 5 failed tests</span>
    </div> <!-- top-banner-root -->
    <div class="navigator-root">
      <div class="navigator-suite-header">
        <span>All suites</span>
        <a href="#" class="collapse-all-link" title="Collapse/expand all the suites">
          <img class="collapse-all-icon" src="collapseall.gif">
          </img> <!-- collapse-all-icon -->
        </a> <!-- collapse-all-link -->
      </div> <!-- navigator-suite-header -->
      <div class="suite">
        <div class="rounded-window">
          <div class="suite-header light-rounded-window-top">
            <a href="#" class="navigator-link" panel-name="suite-AgileCrmSuite">
              <span class="suite-name border-failed">AgileCrmSuite</span>
            </a> <!-- navigator-link -->
          </div> <!-- suite-header light-rounded-window-top -->
          <div class="navigator-suite-content">
            <div class="suite-section-title">
              <span>Info</span>
            </div> <!-- suite-section-title -->
            <div class="suite-section-content">
              <ul>
                <li>
                  <a href="#" class="navigator-link " panel-name="test-xml-AgileCrmSuite">
                    <span>E:\Automation Project\agileAutomation\testng.xml</span>
                  </a> <!-- navigator-link  -->
                </li>
                <li>
                  <a href="#" class="navigator-link " panel-name="testlist-AgileCrmSuite">
                    <span class="test-stats">1 test</span>
                  </a> <!-- navigator-link  -->
                </li>
                <li>
                  <a href="#" class="navigator-link " panel-name="group-AgileCrmSuite">
                    <span>0 groups</span>
                  </a> <!-- navigator-link  -->
                </li>
                <li>
                  <a href="#" class="navigator-link " panel-name="times-AgileCrmSuite">
                    <span>Times</span>
                  </a> <!-- navigator-link  -->
                </li>
                <li>
                  <a href="#" class="navigator-link " panel-name="reporter-AgileCrmSuite">
                    <span>Reporter output</span>
                  </a> <!-- navigator-link  -->
                </li>
                <li>
                  <a href="#" class="navigator-link " panel-name="ignored-methods-AgileCrmSuite">
                    <span>Ignored methods</span>
                  </a> <!-- navigator-link  -->
                </li>
                <li>
                  <a href="#" class="navigator-link " panel-name="chronological-AgileCrmSuite">
                    <span>Chronological view</span>
                  </a> <!-- navigator-link  -->
                </li>
              </ul>
            </div> <!-- suite-section-content -->
            <div class="result-section">
              <div class="suite-section-title">
                <span>Results</span>
              </div> <!-- suite-section-title -->
              <div class="suite-section-content">
                <ul>
                  <li>
                    <span class="method-stats">6 methods, 5 failed,   1 passed</span>
                  </li>
                  <li>
                    <span class="method-list-title failed">Failed methods</span>
                    <span class="show-or-hide-methods failed">
                      <a href="#" panel-name="suite-AgileCrmSuite" class="hide-methods failed suite-AgileCrmSuite"> (hide)</a> <!-- hide-methods failed suite-AgileCrmSuite -->
                      <a href="#" panel-name="suite-AgileCrmSuite" class="show-methods failed suite-AgileCrmSuite"> (show)</a> <!-- show-methods failed suite-AgileCrmSuite -->
                    </span>
                    <div class="method-list-content failed suite-AgileCrmSuite">
                      <span>
                        <img width="3%" src="failed.png"/>
                        <a href="#" class="method navigator-link" panel-name="suite-AgileCrmSuite" title="agilecrm.LoginPageTest" hash-for-method="testCase2">testCase2</a> <!-- method navigator-link -->
                      </span>
                      <br/>
                      <span>
                        <img width="3%" src="failed.png"/>
                        <a href="#" class="method navigator-link" panel-name="suite-AgileCrmSuite" title="agilecrm.LoginPageTest" hash-for-method="testCase3">testCase3</a> <!-- method navigator-link -->
                      </span>
                      <br/>
                      <span>
                        <img width="3%" src="failed.png"/>
                        <a href="#" class="method navigator-link" panel-name="suite-AgileCrmSuite" title="agilecrm.LoginPageTest" hash-for-method="testCase4">testCase4</a> <!-- method navigator-link -->
                      </span>
                      <br/>
                      <span>
                        <img width="3%" src="failed.png"/>
                        <a href="#" class="method navigator-link" panel-name="suite-AgileCrmSuite" title="agilecrm.LoginPageTest" hash-for-method="testCase5">testCase5</a> <!-- method navigator-link -->
                      </span>
                      <br/>
                      <span>
                        <img width="3%" src="failed.png"/>
                        <a href="#" class="method navigator-link" panel-name="suite-AgileCrmSuite" title="agilecrm.LoginPageTest" hash-for-method="testCase6">testCase6</a> <!-- method navigator-link -->
                      </span>
                      <br/>
                    </div> <!-- method-list-content failed suite-AgileCrmSuite -->
                  </li>
                  <li>
                    <span class="method-list-title passed">Passed methods</span>
                    <span class="show-or-hide-methods passed">
                      <a href="#" panel-name="suite-AgileCrmSuite" class="hide-methods passed suite-AgileCrmSuite"> (hide)</a> <!-- hide-methods passed suite-AgileCrmSuite -->
                      <a href="#" panel-name="suite-AgileCrmSuite" class="show-methods passed suite-AgileCrmSuite"> (show)</a> <!-- show-methods passed suite-AgileCrmSuite -->
                    </span>
                    <div class="method-list-content passed suite-AgileCrmSuite">
                      <span>
                        <img width="3%" src="passed.png"/>
                        <a href="#" class="method navigator-link" panel-name="suite-AgileCrmSuite" title="agilecrm.LoginPageTest" hash-for-method="testCase1">testCase1</a> <!-- method navigator-link -->
                      </span>
                      <br/>
                    </div> <!-- method-list-content passed suite-AgileCrmSuite -->
                  </li>
                </ul>
              </div> <!-- suite-section-content -->
            </div> <!-- result-section -->
          </div> <!-- navigator-suite-content -->
        </div> <!-- rounded-window -->
      </div> <!-- suite -->
    </div> <!-- navigator-root -->
    <div class="wrapper">
      <div class="main-panel-root">
        <div panel-name="suite-AgileCrmSuite" class="panel AgileCrmSuite">
          <div class="suite-AgileCrmSuite-class-failed">
            <div class="main-panel-header rounded-window-top">
              <img src="failed.png"/>
              <span class="class-name">agilecrm.LoginPageTest</span>
            </div> <!-- main-panel-header rounded-window-top -->
            <div class="main-panel-content rounded-window-bottom">
              <div class="method">
                <div class="method-content">
                  <a name="testCase2">
                  </a> <!-- testCase2 -->
                  <span class="method-name">testCase2</span>
                  <div class="stack-trace">org.openqa.selenium.ElementClickInterceptedException: element click intercepted: Element &lt;input type=&quot;submit&quot; value=&quot;Sign In&quot; class=&quot;save btn btn-sm btn-mlg-imp btn-primary agile-submit&quot; style=&quot;width: 100%;height: 35px !important;line-height: 35px !important;&quot;&gt; is not clickable at point (778, 357). Other element would receive the click: &lt;iframe height=&quot;216px&quot; width=&quot;308px&quot; frameborder=&quot;0&quot; scrolling=&quot;no&quot;&gt;&lt;/iframe&gt;
  (Session info: chrome=104.0.5112.81)
Build info: version: &apos;4.0.0&apos;, revision: &apos;3a21814679&apos;
System info: host: &apos;DESKTOP-2L3G57A&apos;, ip: &apos;192.168.1.36&apos;, os.name: &apos;Windows 10&apos;, os.arch: &apos;amd64&apos;, os.version: &apos;10.0&apos;, java.version: &apos;1.8.0_341&apos;
Driver info: org.openqa.selenium.chrome.ChromeDriver
Command: [8fab6203e8065ba90f31604f435e6245, clickElement {id=428dc959-985a-4504-b107-9deac2994bc8}]
Capabilities {acceptInsecureCerts: false, browserName: chrome, browserVersion: 104.0.5112.81, chrome: {chromedriverVersion: 104.0.5112.79 (3cf3e8c8a07d..., userDataDir: C:\Users\admin\AppData\Loca...}, goog:chromeOptions: {debuggerAddress: localhost:50776}, javascriptEnabled: true, networkConnectionEnabled: false, pageLoadStrategy: normal, platform: WINDOWS, platformName: WINDOWS, proxy: Proxy(), se:cdp: ws://localhost:50776/devtoo..., se:cdpVersion: 104.0.5112.81, setWindowRect: true, strictFileInteractability: false, timeouts: {implicit: 0, pageLoad: 300000, script: 30000}, unhandledPromptBehavior: dismiss and notify, webauthn:extension:credBlob: true, webauthn:extension:largeBlob: true, webauthn:virtualAuthenticators: true}
Element: [[ChromeDriver: chrome on WINDOWS (8fab6203e8065ba90f31604f435e6245)] -&gt; xpath: //input[@type=&apos;submit&apos;]]
Session ID: 8fab6203e8065ba90f31604f435e6245
	at org.openqa.selenium.remote.codec.w3c.W3CHttpResponseCodec.createException(W3CHttpResponseCodec.java:200)
	at org.openqa.selenium.remote.codec.w3c.W3CHttpResponseCodec.decode(W3CHttpResponseCodec.java:133)
	at org.openqa.selenium.remote.codec.w3c.W3CHttpResponseCodec.decode(W3CHttpResponseCodec.java:53)
	at org.openqa.selenium.remote.HttpCommandExecutor.execute(HttpCommandExecutor.java:184)
	at org.openqa.selenium.remote.service.DriverCommandExecutor.invokeExecute(DriverCommandExecutor.java:164)
	at org.openqa.selenium.remote.service.DriverCommandExecutor.execute(DriverCommandExecutor.java:139)
	at org.openqa.selenium.remote.RemoteWebDriver.execute(RemoteWebDriver.java:559)
	at org.openqa.selenium.remote.RemoteWebElement.execute(RemoteWebElement.java:251)
	at org.openqa.selenium.remote.RemoteWebElement.click(RemoteWebElement.java:77)
	at agilecrm.LoginPage.loginPage(LoginPage.java:12)
	at agilecrm.LoginPageTest.testCase2(LoginPageTest.java:42)
	at java.util.ArrayList.forEach(ArrayList.java:1259)
... Removed 31 stack frames
</div> <!-- stack-trace -->
                </div> <!-- method-content -->
              </div> <!-- method -->
              <div class="method">
                <div class="method-content">
                  <a name="testCase3">
                  </a> <!-- testCase3 -->
                  <span class="method-name">testCase3</span>
                  <div class="stack-trace">org.openqa.selenium.ElementClickInterceptedException: element click intercepted: Element &lt;input type=&quot;submit&quot; value=&quot;Sign In&quot; class=&quot;save btn btn-sm btn-mlg-imp btn-primary agile-submit&quot; style=&quot;width: 100%;height: 35px !important;line-height: 35px !important;&quot;&gt; is not clickable at point (778, 357). Other element would receive the click: &lt;iframe height=&quot;216px&quot; width=&quot;308px&quot; frameborder=&quot;0&quot; scrolling=&quot;no&quot;&gt;&lt;/iframe&gt;
  (Session info: chrome=104.0.5112.81)
Build info: version: &apos;4.0.0&apos;, revision: &apos;3a21814679&apos;
System info: host: &apos;DESKTOP-2L3G57A&apos;, ip: &apos;192.168.1.36&apos;, os.name: &apos;Windows 10&apos;, os.arch: &apos;amd64&apos;, os.version: &apos;10.0&apos;, java.version: &apos;1.8.0_341&apos;
Driver info: org.openqa.selenium.chrome.ChromeDriver
Command: [8fab6203e8065ba90f31604f435e6245, clickElement {id=428dc959-985a-4504-b107-9deac2994bc8}]
Capabilities {acceptInsecureCerts: false, browserName: chrome, browserVersion: 104.0.5112.81, chrome: {chromedriverVersion: 104.0.5112.79 (3cf3e8c8a07d..., userDataDir: C:\Users\admin\AppData\Loca...}, goog:chromeOptions: {debuggerAddress: localhost:50776}, javascriptEnabled: true, networkConnectionEnabled: false, pageLoadStrategy: normal, platform: WINDOWS, platformName: WINDOWS, proxy: Proxy(), se:cdp: ws://localhost:50776/devtoo..., se:cdpVersion: 104.0.5112.81, setWindowRect: true, strictFileInteractability: false, timeouts: {implicit: 0, pageLoad: 300000, script: 30000}, unhandledPromptBehavior: dismiss and notify, webauthn:extension:credBlob: true, webauthn:extension:largeBlob: true, webauthn:virtualAuthenticators: true}
Element: [[ChromeDriver: chrome on WINDOWS (8fab6203e8065ba90f31604f435e6245)] -&gt; xpath: //input[@type=&apos;submit&apos;]]
Session ID: 8fab6203e8065ba90f31604f435e6245
	at org.openqa.selenium.remote.codec.w3c.W3CHttpResponseCodec.createException(W3CHttpResponseCodec.java:200)
	at org.openqa.selenium.remote.codec.w3c.W3CHttpResponseCodec.decode(W3CHttpResponseCodec.java:133)
	at org.openqa.selenium.remote.codec.w3c.W3CHttpResponseCodec.decode(W3CHttpResponseCodec.java:53)
	at org.openqa.selenium.remote.HttpCommandExecutor.execute(HttpCommandExecutor.java:184)
	at org.openqa.selenium.remote.service.DriverCommandExecutor.invokeExecute(DriverCommandExecutor.java:164)
	at org.openqa.selenium.remote.service.DriverCommandExecutor.execute(DriverCommandExecutor.java:139)
	at org.openqa.selenium.remote.RemoteWebDriver.execute(RemoteWebDriver.java:559)
	at org.openqa.selenium.remote.RemoteWebElement.execute(RemoteWebElement.java:251)
	at org.openqa.selenium.remote.RemoteWebElement.click(RemoteWebElement.java:77)
	at agilecrm.LoginPage.loginPage(LoginPage.java:12)
	at agilecrm.LoginPageTest.testCase3(LoginPageTest.java:47)
	at java.util.ArrayList.forEach(ArrayList.java:1259)
... Removed 31 stack frames
</div> <!-- stack-trace -->
                </div> <!-- method-content -->
              </div> <!-- method -->
              <div class="method">
                <div class="method-content">
                  <a name="testCase4">
                  </a> <!-- testCase4 -->
                  <span class="method-name">testCase4</span>
                  <div class="stack-trace">org.openqa.selenium.ElementClickInterceptedException: element click intercepted: Element &lt;input type=&quot;submit&quot; value=&quot;Sign In&quot; class=&quot;save btn btn-sm btn-mlg-imp btn-primary agile-submit&quot; style=&quot;width: 100%;height: 35px !important;line-height: 35px !important;&quot;&gt; is not clickable at point (778, 357). Other element would receive the click: &lt;iframe height=&quot;216px&quot; width=&quot;308px&quot; frameborder=&quot;0&quot; scrolling=&quot;no&quot;&gt;&lt;/iframe&gt;
  (Session info: chrome=104.0.5112.81)
Build info: version: &apos;4.0.0&apos;, revision: &apos;3a21814679&apos;
System info: host: &apos;DESKTOP-2L3G57A&apos;, ip: &apos;192.168.1.36&apos;, os.name: &apos;Windows 10&apos;, os.arch: &apos;amd64&apos;, os.version: &apos;10.0&apos;, java.version: &apos;1.8.0_341&apos;
Driver info: org.openqa.selenium.chrome.ChromeDriver
Command: [8fab6203e8065ba90f31604f435e6245, clickElement {id=428dc959-985a-4504-b107-9deac2994bc8}]
Capabilities {acceptInsecureCerts: false, browserName: chrome, browserVersion: 104.0.5112.81, chrome: {chromedriverVersion: 104.0.5112.79 (3cf3e8c8a07d..., userDataDir: C:\Users\admin\AppData\Loca...}, goog:chromeOptions: {debuggerAddress: localhost:50776}, javascriptEnabled: true, networkConnectionEnabled: false, pageLoadStrategy: normal, platform: WINDOWS, platformName: WINDOWS, proxy: Proxy(), se:cdp: ws://localhost:50776/devtoo..., se:cdpVersion: 104.0.5112.81, setWindowRect: true, strictFileInteractability: false, timeouts: {implicit: 0, pageLoad: 300000, script: 30000}, unhandledPromptBehavior: dismiss and notify, webauthn:extension:credBlob: true, webauthn:extension:largeBlob: true, webauthn:virtualAuthenticators: true}
Element: [[ChromeDriver: chrome on WINDOWS (8fab6203e8065ba90f31604f435e6245)] -&gt; xpath: //input[@type=&apos;submit&apos;]]
Session ID: 8fab6203e8065ba90f31604f435e6245
	at org.openqa.selenium.remote.codec.w3c.W3CHttpResponseCodec.createException(W3CHttpResponseCodec.java:200)
	at org.openqa.selenium.remote.codec.w3c.W3CHttpResponseCodec.decode(W3CHttpResponseCodec.java:133)
	at org.openqa.selenium.remote.codec.w3c.W3CHttpResponseCodec.decode(W3CHttpResponseCodec.java:53)
	at org.openqa.selenium.remote.HttpCommandExecutor.execute(HttpCommandExecutor.java:184)
	at org.openqa.selenium.remote.service.DriverCommandExecutor.invokeExecute(DriverCommandExecutor.java:164)
	at org.openqa.selenium.remote.service.DriverCommandExecutor.execute(DriverCommandExecutor.java:139)
	at org.openqa.selenium.remote.RemoteWebDriver.execute(RemoteWebDriver.java:559)
	at org.openqa.selenium.remote.RemoteWebElement.execute(RemoteWebElement.java:251)
	at org.openqa.selenium.remote.RemoteWebElement.click(RemoteWebElement.java:77)
	at agilecrm.LoginPage.loginPage(LoginPage.java:12)
	at agilecrm.LoginPageTest.testCase4(LoginPageTest.java:52)
	at java.util.ArrayList.forEach(ArrayList.java:1259)
... Removed 31 stack frames
</div> <!-- stack-trace -->
                </div> <!-- method-content -->
              </div> <!-- method -->
              <div class="method">
                <div class="method-content">
                  <a name="testCase5">
                  </a> <!-- testCase5 -->
                  <span class="method-name">testCase5</span>
                  <div class="stack-trace">org.openqa.selenium.ElementClickInterceptedException: element click intercepted: Element &lt;input type=&quot;submit&quot; value=&quot;Sign In&quot; class=&quot;save btn btn-sm btn-mlg-imp btn-primary agile-submit&quot; style=&quot;width: 100%;height: 35px !important;line-height: 35px !important;&quot;&gt; is not clickable at point (778, 357). Other element would receive the click: &lt;iframe height=&quot;216px&quot; width=&quot;308px&quot; frameborder=&quot;0&quot; scrolling=&quot;no&quot;&gt;&lt;/iframe&gt;
  (Session info: chrome=104.0.5112.81)
Build info: version: &apos;4.0.0&apos;, revision: &apos;3a21814679&apos;
System info: host: &apos;DESKTOP-2L3G57A&apos;, ip: &apos;192.168.1.36&apos;, os.name: &apos;Windows 10&apos;, os.arch: &apos;amd64&apos;, os.version: &apos;10.0&apos;, java.version: &apos;1.8.0_341&apos;
Driver info: org.openqa.selenium.chrome.ChromeDriver
Command: [8fab6203e8065ba90f31604f435e6245, clickElement {id=428dc959-985a-4504-b107-9deac2994bc8}]
Capabilities {acceptInsecureCerts: false, browserName: chrome, browserVersion: 104.0.5112.81, chrome: {chromedriverVersion: 104.0.5112.79 (3cf3e8c8a07d..., userDataDir: C:\Users\admin\AppData\Loca...}, goog:chromeOptions: {debuggerAddress: localhost:50776}, javascriptEnabled: true, networkConnectionEnabled: false, pageLoadStrategy: normal, platform: WINDOWS, platformName: WINDOWS, proxy: Proxy(), se:cdp: ws://localhost:50776/devtoo..., se:cdpVersion: 104.0.5112.81, setWindowRect: true, strictFileInteractability: false, timeouts: {implicit: 0, pageLoad: 300000, script: 30000}, unhandledPromptBehavior: dismiss and notify, webauthn:extension:credBlob: true, webauthn:extension:largeBlob: true, webauthn:virtualAuthenticators: true}
Element: [[ChromeDriver: chrome on WINDOWS (8fab6203e8065ba90f31604f435e6245)] -&gt; xpath: //input[@type=&apos;submit&apos;]]
Session ID: 8fab6203e8065ba90f31604f435e6245
	at org.openqa.selenium.remote.codec.w3c.W3CHttpResponseCodec.createException(W3CHttpResponseCodec.java:200)
	at org.openqa.selenium.remote.codec.w3c.W3CHttpResponseCodec.decode(W3CHttpResponseCodec.java:133)
	at org.openqa.selenium.remote.codec.w3c.W3CHttpResponseCodec.decode(W3CHttpResponseCodec.java:53)
	at org.openqa.selenium.remote.HttpCommandExecutor.execute(HttpCommandExecutor.java:184)
	at org.openqa.selenium.remote.service.DriverCommandExecutor.invokeExecute(DriverCommandExecutor.java:164)
	at org.openqa.selenium.remote.service.DriverCommandExecutor.execute(DriverCommandExecutor.java:139)
	at org.openqa.selenium.remote.RemoteWebDriver.execute(RemoteWebDriver.java:559)
	at org.openqa.selenium.remote.RemoteWebElement.execute(RemoteWebElement.java:251)
	at org.openqa.selenium.remote.RemoteWebElement.click(RemoteWebElement.java:77)
	at agilecrm.LoginPage.loginPage(LoginPage.java:12)
	at agilecrm.LoginPageTest.testCase5(LoginPageTest.java:58)
	at java.util.ArrayList.forEach(ArrayList.java:1259)
... Removed 31 stack frames
</div> <!-- stack-trace -->
                </div> <!-- method-content -->
              </div> <!-- method -->
              <div class="method">
                <div class="method-content">
                  <a name="testCase6">
                  </a> <!-- testCase6 -->
                  <span class="method-name">testCase6</span>
                  <div class="stack-trace">org.openqa.selenium.ElementClickInterceptedException: element click intercepted: Element &lt;input type=&quot;submit&quot; value=&quot;Sign In&quot; class=&quot;save btn btn-sm btn-mlg-imp btn-primary agile-submit&quot; style=&quot;width: 100%;height: 35px !important;line-height: 35px !important;&quot;&gt; is not clickable at point (778, 357). Other element would receive the click: &lt;iframe height=&quot;216px&quot; width=&quot;308px&quot; frameborder=&quot;0&quot; scrolling=&quot;no&quot;&gt;&lt;/iframe&gt;
  (Session info: chrome=104.0.5112.81)
Build info: version: &apos;4.0.0&apos;, revision: &apos;3a21814679&apos;
System info: host: &apos;DESKTOP-2L3G57A&apos;, ip: &apos;192.168.1.36&apos;, os.name: &apos;Windows 10&apos;, os.arch: &apos;amd64&apos;, os.version: &apos;10.0&apos;, java.version: &apos;1.8.0_341&apos;
Driver info: org.openqa.selenium.chrome.ChromeDriver
Command: [8fab6203e8065ba90f31604f435e6245, clickElement {id=428dc959-985a-4504-b107-9deac2994bc8}]
Capabilities {acceptInsecureCerts: false, browserName: chrome, browserVersion: 104.0.5112.81, chrome: {chromedriverVersion: 104.0.5112.79 (3cf3e8c8a07d..., userDataDir: C:\Users\admin\AppData\Loca...}, goog:chromeOptions: {debuggerAddress: localhost:50776}, javascriptEnabled: true, networkConnectionEnabled: false, pageLoadStrategy: normal, platform: WINDOWS, platformName: WINDOWS, proxy: Proxy(), se:cdp: ws://localhost:50776/devtoo..., se:cdpVersion: 104.0.5112.81, setWindowRect: true, strictFileInteractability: false, timeouts: {implicit: 0, pageLoad: 300000, script: 30000}, unhandledPromptBehavior: dismiss and notify, webauthn:extension:credBlob: true, webauthn:extension:largeBlob: true, webauthn:virtualAuthenticators: true}
Element: [[ChromeDriver: chrome on WINDOWS (8fab6203e8065ba90f31604f435e6245)] -&gt; xpath: //input[@type=&apos;submit&apos;]]
Session ID: 8fab6203e8065ba90f31604f435e6245
	at org.openqa.selenium.remote.codec.w3c.W3CHttpResponseCodec.createException(W3CHttpResponseCodec.java:200)
	at org.openqa.selenium.remote.codec.w3c.W3CHttpResponseCodec.decode(W3CHttpResponseCodec.java:133)
	at org.openqa.selenium.remote.codec.w3c.W3CHttpResponseCodec.decode(W3CHttpResponseCodec.java:53)
	at org.openqa.selenium.remote.HttpCommandExecutor.execute(HttpCommandExecutor.java:184)
	at org.openqa.selenium.remote.service.DriverCommandExecutor.invokeExecute(DriverCommandExecutor.java:164)
	at org.openqa.selenium.remote.service.DriverCommandExecutor.execute(DriverCommandExecutor.java:139)
	at org.openqa.selenium.remote.RemoteWebDriver.execute(RemoteWebDriver.java:559)
	at org.openqa.selenium.remote.RemoteWebElement.execute(RemoteWebElement.java:251)
	at org.openqa.selenium.remote.RemoteWebElement.click(RemoteWebElement.java:77)
	at agilecrm.LoginPage.loginPage(LoginPage.java:12)
	at agilecrm.LoginPageTest.testCase6(LoginPageTest.java:64)
	at java.util.ArrayList.forEach(ArrayList.java:1259)
... Removed 31 stack frames
</div> <!-- stack-trace -->
                </div> <!-- method-content -->
              </div> <!-- method -->
            </div> <!-- main-panel-content rounded-window-bottom -->
          </div> <!-- suite-AgileCrmSuite-class-failed -->
          <div class="suite-AgileCrmSuite-class-passed">
            <div class="main-panel-header rounded-window-top">
              <img src="passed.png"/>
              <span class="class-name">agilecrm.LoginPageTest</span>
            </div> <!-- main-panel-header rounded-window-top -->
            <div class="main-panel-content rounded-window-bottom">
              <div class="method">
                <div class="method-content">
                  <a name="testCase1">
                  </a> <!-- testCase1 -->
                  <span class="method-name">testCase1</span>
                </div> <!-- method-content -->
              </div> <!-- method -->
            </div> <!-- main-panel-content rounded-window-bottom -->
          </div> <!-- suite-AgileCrmSuite-class-passed -->
        </div> <!-- panel AgileCrmSuite -->
        <div panel-name="test-xml-AgileCrmSuite" class="panel">
          <div class="main-panel-header rounded-window-top">
            <span class="header-content">E:\Automation Project\agileAutomation\testng.xml</span>
          </div> <!-- main-panel-header rounded-window-top -->
          <div class="main-panel-content rounded-window-bottom">
            <pre>
&lt;?xml version=&quot;1.0&quot; encoding=&quot;UTF-8&quot;?&gt;
&lt;!DOCTYPE suite SYSTEM &quot;https://testng.org/testng-1.0.dtd&quot;&gt;
&lt;suite guice-stage=&quot;DEVELOPMENT&quot; name=&quot;AgileCrmSuite&quot;&gt;
  &lt;listeners&gt;
    &lt;listener class-name=&quot;agilecrm.TestListeners&quot;/&gt;
  &lt;/listeners&gt;
  &lt;test thread-count=&quot;5&quot; name=&quot;AgileCrmTest&quot;&gt;
    &lt;parameter name=&quot;browser&quot; value=&quot;chrome&quot;/&gt;
    &lt;classes&gt;
      &lt;class name=&quot;agilecrm.LoginPageTest&quot;/&gt;
    &lt;/classes&gt;
  &lt;/test&gt; &lt;!-- AgileCrmTest --&gt;
&lt;/suite&gt; &lt;!-- AgileCrmSuite --&gt;
            </pre>
          </div> <!-- main-panel-content rounded-window-bottom -->
        </div> <!-- panel -->
        <div panel-name="testlist-AgileCrmSuite" class="panel">
          <div class="main-panel-header rounded-window-top">
            <span class="header-content">Tests for AgileCrmSuite</span>
          </div> <!-- main-panel-header rounded-window-top -->
          <div class="main-panel-content rounded-window-bottom">
            <ul>
              <li>
                <span class="test-name">AgileCrmTest (1 class)</span>
              </li>
            </ul>
          </div> <!-- main-panel-content rounded-window-bottom -->
        </div> <!-- panel -->
        <div panel-name="group-AgileCrmSuite" class="panel">
          <div class="main-panel-header rounded-window-top">
            <span class="header-content">Groups for AgileCrmSuite</span>
          </div> <!-- main-panel-header rounded-window-top -->
          <div class="main-panel-content rounded-window-bottom">
          </div> <!-- main-panel-content rounded-window-bottom -->
        </div> <!-- panel -->
        <div panel-name="times-AgileCrmSuite" class="panel">
          <div class="main-panel-header rounded-window-top">
            <span class="header-content">Times for AgileCrmSuite</span>
          </div> <!-- main-panel-header rounded-window-top -->
          <div class="main-panel-content rounded-window-bottom">
            <div class="times-div">
              <script type="text/javascript">
suiteTableInitFunctions.push('tableData_AgileCrmSuite');
function tableData_AgileCrmSuite() {
var data = new google.visualization.DataTable();
data.addColumn('number', 'Number');
data.addColumn('string', 'Method');
data.addColumn('string', 'Class');
data.addColumn('number', 'Time (ms)');
data.addRows(6);
data.setCell(0, 0, 0)
data.setCell(0, 1, 'testCase1')
data.setCell(0, 2, 'agilecrm.LoginPageTest')
data.setCell(0, 3, 17473);
data.setCell(1, 0, 1)
data.setCell(1, 1, 'testCase2')
data.setCell(1, 2, 'agilecrm.LoginPageTest')
data.setCell(1, 3, 1488);
data.setCell(2, 0, 2)
data.setCell(2, 1, 'testCase3')
data.setCell(2, 2, 'agilecrm.LoginPageTest')
data.setCell(2, 3, 1414);
data.setCell(3, 0, 3)
data.setCell(3, 1, 'testCase6')
data.setCell(3, 2, 'agilecrm.LoginPageTest')
data.setCell(3, 3, 1384);
data.setCell(4, 0, 4)
data.setCell(4, 1, 'testCase5')
data.setCell(4, 2, 'agilecrm.LoginPageTest')
data.setCell(4, 3, 1376);
data.setCell(5, 0, 5)
data.setCell(5, 1, 'testCase4')
data.setCell(5, 2, 'agilecrm.LoginPageTest')
data.setCell(5, 3, 1318);
window.suiteTableData['AgileCrmSuite']= { tableData: data, tableDiv: 'times-div-AgileCrmSuite'}
return data;
}
              </script>
              <span class="suite-total-time">Total running time: 24 seconds</span>
              <div id="times-div-AgileCrmSuite">
              </div> <!-- times-div-AgileCrmSuite -->
            </div> <!-- times-div -->
          </div> <!-- main-panel-content rounded-window-bottom -->
        </div> <!-- panel -->
        <div panel-name="reporter-AgileCrmSuite" class="panel">
          <div class="main-panel-header rounded-window-top">
            <span class="header-content">Reporter output for AgileCrmSuite</span>
          </div> <!-- main-panel-header rounded-window-top -->
          <div class="main-panel-content rounded-window-bottom">
          </div> <!-- main-panel-content rounded-window-bottom -->
        </div> <!-- panel -->
        <div panel-name="ignored-methods-AgileCrmSuite" class="panel">
          <div class="main-panel-header rounded-window-top">
            <span class="header-content">0 ignored methods</span>
          </div> <!-- main-panel-header rounded-window-top -->
          <div class="main-panel-content rounded-window-bottom">
          </div> <!-- main-panel-content rounded-window-bottom -->
        </div> <!-- panel -->
        <div panel-name="chronological-AgileCrmSuite" class="panel">
          <div class="main-panel-header rounded-window-top">
            <span class="header-content">Methods in chronological order</span>
          </div> <!-- main-panel-header rounded-window-top -->
          <div class="main-panel-content rounded-window-bottom">
            <div class="chronological-class">
              <div class="chronological-class-name">agilecrm.LoginPageTest</div> <!-- chronological-class-name -->
              <div class="configuration-class before">
                <span class="method-name">login(chrome)</span>
                <span class="method-start">0 ms</span>
              </div> <!-- configuration-class before -->
              <div class="test-method">
                <span class="method-name">testCase1</span>
                <span class="method-start">15887 ms</span>
              </div> <!-- test-method -->
              <div class="test-method">
                <img src="failed.png">
                </img>
                <span class="method-name">testCase2</span>
                <span class="method-start">33487 ms</span>
              </div> <!-- test-method -->
              <div class="test-method">
                <img src="failed.png">
                </img>
                <span class="method-name">testCase3</span>
                <span class="method-start">35576 ms</span>
              </div> <!-- test-method -->
              <div class="test-method">
                <img src="failed.png">
                </img>
                <span class="method-name">testCase4</span>
                <span class="method-start">37303 ms</span>
              </div> <!-- test-method -->
              <div class="test-method">
                <img src="failed.png">
                </img>
                <span class="method-name">testCase5</span>
                <span class="method-start">39048 ms</span>
              </div> <!-- test-method -->
              <div class="test-method">
                <img src="failed.png">
                </img>
                <span class="method-name">testCase6</span>
                <span class="method-start">40702 ms</span>
              </div> <!-- test-method -->
          </div> <!-- main-panel-content rounded-window-bottom -->
        </div> <!-- panel -->
      </div> <!-- main-panel-root -->
    </div> <!-- wrapper -->
  </body>
<script type="text/javascript" src="testng-reports2.js"></script>
</html>
